Release 14.7 - platgen Xilinx EDK 14.7 Build EDK_P.20131013
 (nt64)
Copyright (c) 1995-2013 Xilinx, Inc.  All rights reserved.

Command Line: platgen -p xc7z020clg484-1 -lang vhdl -intstyle default -msg
__xps/ise/xmsgprops.lst system.mhs 

WARNING:EDK - INFO:Security:50 - The XILINXD_LICENSE_FILE environment variable
   is set to '2100@mulder'.
   INFO:Security:53 - The LM_LICENSE_FILE environment variable is not set.
   INFO:Security:71 - If a license for part 'xc7z020' is available, it will be
   possible to use 'XPS_TDP' instead of 'XPS'.
   WARNING:Security:43 - No license file was found in the standard Xilinx
   license directory.
   WARNING:Security:44 - Since no license file was found,
          please run the Xilinx License Configuration Manager
          (xlcm or "Manage Xilinx Licenses")
          to assist in obtaining a license.
   WARNING:Security:42 - Your software subscription period has lapsed. Your
   current version of Xilinx tools will continue to function, but you no longer
   qualify for Xilinx software updates or new releases.


Parse C:/GIT/Chilipepper_Labs/Labs/Lab_9/EDK/system.mhs ...

Read MPD definitions ...
WARNING:EDK:4092 - IPNAME: clock_generator, INSTANCE: rx_clock_generator -
   Pre-Production version not verified on hardware for architecture 'zynq' -
   C:\GIT\Chilipepper_Labs\Labs\Lab_9\EDK\system.mhs line 240 
WARNING:EDK:4092 - IPNAME: clock_generator, INSTANCE: tx_clock_generator -
   Pre-Production version not verified on hardware for architecture 'zynq' -
   C:\GIT\Chilipepper_Labs\Labs\Lab_9\EDK\system.mhs line 256 
WARNING:EDK:4092 - IPNAME: chipscope_icon, INSTANCE: chipscope_icon_0 -
   Pre-Production version not verified on hardware for architecture 'zynq' -
   C:\GIT\Chilipepper_Labs\Labs\Lab_9\EDK\system.mhs line 392 
WARNING:EDK:4092 - IPNAME: clock_generator, INSTANCE: rx_clock_generator -
   Pre-Production version not verified on hardware for architecture 'zynq' -
   C:\GIT\Chilipepper_Labs\Labs\Lab_9\EDK\system.mhs line 240 
WARNING:EDK:4092 - IPNAME: clock_generator, INSTANCE: tx_clock_generator -
   Pre-Production version not verified on hardware for architecture 'zynq' -
   C:\GIT\Chilipepper_Labs\Labs\Lab_9\EDK\system.mhs line 256 
WARNING:EDK:4092 - IPNAME: chipscope_icon, INSTANCE: chipscope_icon_0 -
   Pre-Production version not verified on hardware for architecture 'zynq' -
   C:\GIT\Chilipepper_Labs\Labs\Lab_9\EDK\system.mhs line 392 

Overriding IP level properties ...
INFO:EDK:4130 - IPNAME: processing_system7, INSTANCE:processing_system7_0 - tcl
   is overriding PARAMETER C_S_AXI_HP0_HIGHADDR value to 0x1FFFFFFF -
   C:\Xilinx\14.7\ISE_DS\EDK\hw\XilinxProcessorIPLib\pcores\processing_system7_v
   4_03_a\data\processing_system7_v2_1_0.mpd line 300 
INFO:EDK:4130 - IPNAME: processing_system7, INSTANCE:processing_system7_0 - tcl
   is overriding PARAMETER C_S_AXI_HP1_HIGHADDR value to 0x1FFFFFFF -
   C:\Xilinx\14.7\ISE_DS\EDK\hw\XilinxProcessorIPLib\pcores\processing_system7_v
   4_03_a\data\processing_system7_v2_1_0.mpd line 304 
INFO:EDK:4130 - IPNAME: processing_system7, INSTANCE:processing_system7_0 - tcl
   is overriding PARAMETER C_S_AXI_HP2_HIGHADDR value to 0x1FFFFFFF -
   C:\Xilinx\14.7\ISE_DS\EDK\hw\XilinxProcessorIPLib\pcores\processing_system7_v
   4_03_a\data\processing_system7_v2_1_0.mpd line 308 
INFO:EDK:4130 - IPNAME: processing_system7, INSTANCE:processing_system7_0 - tcl
   is overriding PARAMETER C_S_AXI_HP3_HIGHADDR value to 0x1FFFFFFF -
   C:\Xilinx\14.7\ISE_DS\EDK\hw\XilinxProcessorIPLib\pcores\processing_system7_v
   4_03_a\data\processing_system7_v2_1_0.mpd line 312 
INFO:EDK:4130 - IPNAME: processing_system7, INSTANCE:processing_system7_0 - tcl
   is overriding PARAMETER C_NUM_F2P_INTR_INPUTS value to 1 -
   C:\Xilinx\14.7\ISE_DS\EDK\hw\XilinxProcessorIPLib\pcores\processing_system7_v
   4_03_a\data\processing_system7_v2_1_0.mpd line 319 
INFO:EDK:4130 - IPNAME: axi_interconnect, INSTANCE:axi_interconnect_1 - tcl is
   overriding PARAMETER C_BASEFAMILY value to zynq -
   C:\Xilinx\14.7\ISE_DS\EDK\hw\XilinxProcessorIPLib\pcores\axi_interconnect_v1_
   06_a\data\axi_interconnect_v2_1_0.mpd line 81 

Computing clock values...
INFO:EDK:1432 - Frequency for Top-Level Input Clock
   'processing_system7_0_PS_CLK_pin' is not specified. Clock DRCs will not be
   performed for IPs connected to that clock port, unless they are connected
   through the clock generator IP. 


Performing IP level DRCs on properties...

Running DRC Tcl procedures for OPTION IPLEVEL_DRC_PROC...
INFO:EDK - INFO: DDR Base and High address in current configuration is
   0x00000000 and 0x1FFFFFFF respectively. 
INFO:EDK - INFO: You can modify the DDR address range accessed by Programmable
   Logic through the processing_system7 AXI slave interfaces. If MicroBlaze is a
   master on processing_system7 AXI slave interfaces, please use the top half of
   the address range (Base Address = 0x10000000; High Address = 0x1FFFFFFF). For
   all other master, any subset of the DDR address can be used. See Xilinx
   Answer 47167 for more information. 
Address Map for Processor processing_system7_0
  (0x41200000-0x4120ffff) axi_gpio_switch	axi_interconnect_1
  (0x41240000-0x4124ffff) axi_gpio_led	axi_interconnect_1
  (0x41280000-0x4128ffff) axi_gpio_button	axi_interconnect_1
  (0x42c00000-0x42c0ffff) mcu_uart	axi_interconnect_1
  (0x67a00000-0x67a0ffff) mcu_driver	axi_interconnect_1
  (0x69800000-0x6980ffff) tx_fifo	axi_interconnect_1
  (0x6ca00000-0x6ca0ffff) rx_fifo	axi_interconnect_1
  (0x6fc00000-0x6fc0ffff) dac_driver	axi_interconnect_1
  (0x72800000-0x7280ffff) adc_driver	axi_interconnect_1
  (0x76200000-0x7620ffff) dc_offset	axi_interconnect_1
  (0x7e400000-0x7e40ffff) qpsk_rx	axi_interconnect_1
  (0x7e420000-0x7e42ffff) qpsk_tx	axi_interconnect_1

Checking platform address map ...

Checking platform configuration ...
IPNAME: axi_interconnect, INSTANCE: axi_interconnect_1 - 1 master(s) : 12
slave(s) 

Checking port drivers...
WARNING:EDK:4180 - PORT: tdi_in, CONNECTOR: bscan_tdi - No driver found. Port
   will be driven to GND -
   C:\Xilinx\14.7\ISE_DS\EDK\hw\XilinxProcessorIPLib\pcores\chipscope_icon_v1_06
   _a\data\chipscope_icon_v2_1_0.mpd line 101 
WARNING:EDK:4180 - PORT: reset_in, CONNECTOR: bscan_reset - No driver found.
   Port will be driven to GND -
   C:\Xilinx\14.7\ISE_DS\EDK\hw\XilinxProcessorIPLib\pcores\chipscope_icon_v1_06
   _a\data\chipscope_icon_v2_1_0.mpd line 102 
WARNING:EDK:4180 - PORT: shift_in, CONNECTOR: bscan_shift - No driver found.
   Port will be driven to GND -
   C:\Xilinx\14.7\ISE_DS\EDK\hw\XilinxProcessorIPLib\pcores\chipscope_icon_v1_06
   _a\data\chipscope_icon_v2_1_0.mpd line 103 
WARNING:EDK:4180 - PORT: update_in, CONNECTOR: bscan_update - No driver found.
   Port will be driven to GND -
   C:\Xilinx\14.7\ISE_DS\EDK\hw\XilinxProcessorIPLib\pcores\chipscope_icon_v1_06
   _a\data\chipscope_icon_v2_1_0.mpd line 104 
WARNING:EDK:4180 - PORT: sel_in, CONNECTOR: bscan_sel1 - No driver found. Port
   will be driven to GND -
   C:\Xilinx\14.7\ISE_DS\EDK\hw\XilinxProcessorIPLib\pcores\chipscope_icon_v1_06
   _a\data\chipscope_icon_v2_1_0.mpd line 105 
WARNING:EDK:4180 - PORT: drck_in, CONNECTOR: bscan_drck1 - No driver found. Port
   will be driven to GND -
   C:\Xilinx\14.7\ISE_DS\EDK\hw\XilinxProcessorIPLib\pcores\chipscope_icon_v1_06
   _a\data\chipscope_icon_v2_1_0.mpd line 106 
WARNING:EDK:4180 - PORT: capture_in, CONNECTOR: bscan_capture - No driver found.
   Port will be driven to GND -
   C:\Xilinx\14.7\ISE_DS\EDK\hw\XilinxProcessorIPLib\pcores\chipscope_icon_v1_06
   _a\data\chipscope_icon_v2_1_0.mpd line 107 
WARNING:EDK:4181 - PORT: tdo_out, CONNECTOR: bscan_tdo1 - floating connection -
   C:\Xilinx\14.7\ISE_DS\EDK\hw\XilinxProcessorIPLib\pcores\chipscope_icon_v1_06
   _a\data\chipscope_icon_v2_1_0.mpd line 108 

Performing Clock DRCs...
INFO:EDK - Design contains multiple instances of clock_generator IP, all clock
   connections should be done by user. XPS Clocking Wizard supports only one
   instance of clock_generator.

Performing Reset DRCs...

Overriding system level properties...
INFO:EDK:4130 - IPNAME: processing_system7, INSTANCE:processing_system7_0 - tcl
   is overriding PARAMETER C_FCLK_CLK1_BUF value to FALSE -
   C:\Xilinx\14.7\ISE_DS\EDK\hw\XilinxProcessorIPLib\pcores\processing_system7_v
   4_03_a\data\processing_system7_v2_1_0.mpd line 351 
INFO:EDK:4130 - IPNAME: processing_system7, INSTANCE:processing_system7_0 - tcl
   is overriding PARAMETER C_FCLK_CLK2_BUF value to FALSE -
   C:\Xilinx\14.7\ISE_DS\EDK\hw\XilinxProcessorIPLib\pcores\processing_system7_v
   4_03_a\data\processing_system7_v2_1_0.mpd line 352 
INFO:EDK:4130 - IPNAME: processing_system7, INSTANCE:processing_system7_0 - tcl
   is overriding PARAMETER C_FCLK_CLK3_BUF value to FALSE -
   C:\Xilinx\14.7\ISE_DS\EDK\hw\XilinxProcessorIPLib\pcores\processing_system7_v
   4_03_a\data\processing_system7_v2_1_0.mpd line 353 

INFO: Setting C_RANGE_CHECK = ON for axi_interconnect axi_interconnect_1.
INFO:EDK:4130 - IPNAME: axi_interconnect, INSTANCE:axi_interconnect_1 - tcl is
   overriding PARAMETER C_RANGE_CHECK value to 1 -
   C:\Xilinx\14.7\ISE_DS\EDK\hw\XilinxProcessorIPLib\pcores\axi_interconnect_v1_
   06_a\data\axi_interconnect_v2_1_0.mpd line 149 

Running system level update procedures...

Running UPDATE Tcl procedures for OPTION SYSLEVEL_UPDATE_PROC...

Running system level DRCs...

Performing System level DRCs on properties...

Running DRC Tcl procedures for OPTION SYSLEVEL_DRC_PROC...
Chipscope Integrate Controller, instance 'chipscope_icon', exists in System 

Running UPDATE Tcl procedures for OPTION PLATGEN_SYSLEVEL_UPDATE_PROC...
INFO: No asynchronous clock conversions in axi_interconnect axi_interconnect_1.

Modify defaults ...

Creating stub ...

Processing licensed instances ...
Completion time: 0.00 seconds

Creating hardware output directories ...

Managing hardware (BBD-specified) netlist files ...
IPNAME:chipscope_ila INSTANCE:chipscope_ila_0 -
C:\GIT\Chilipepper_Labs\Labs\Lab_9\EDK\system.mhs line 375 - Copying
(BBD-specified) netlist files.
IPNAME:chipscope_icon INSTANCE:chipscope_icon_0 -
C:\GIT\Chilipepper_Labs\Labs\Lab_9\EDK\system.mhs line 392 - Copying
(BBD-specified) netlist files.

Managing cache ...
IPNAME:processing_system7 INSTANCE:processing_system7_0 -
C:\GIT\Chilipepper_Labs\Labs\Lab_9\EDK\system.mhs line 54 - Copying cache
implementation netlist
IPNAME:axi_interconnect INSTANCE:axi_interconnect_1 -
C:\GIT\Chilipepper_Labs\Labs\Lab_9\EDK\system.mhs line 142 - Copying cache
implementation netlist
IPNAME:rx_fifo_pcore INSTANCE:rx_fifo -
C:\GIT\Chilipepper_Labs\Labs\Lab_9\EDK\system.mhs line 150 - Copying cache
implementation netlist
IPNAME:adc_driver_pcore INSTANCE:adc_driver -
C:\GIT\Chilipepper_Labs\Labs\Lab_9\EDK\system.mhs line 164 - Copying cache
implementation netlist
IPNAME:mcu_driver_pcore INSTANCE:mcu_driver -
C:\GIT\Chilipepper_Labs\Labs\Lab_9\EDK\system.mhs line 180 - Copying cache
implementation netlist
IPNAME:dc_offset_pcore INSTANCE:dc_offset -
C:\GIT\Chilipepper_Labs\Labs\Lab_9\EDK\system.mhs line 198 - Copying cache
implementation netlist
IPNAME:qpsk_rx_pcore INSTANCE:qpsk_rx -
C:\GIT\Chilipepper_Labs\Labs\Lab_9\EDK\system.mhs line 223 - Copying cache
implementation netlist
IPNAME:axi_uartlite INSTANCE:mcu_uart -
C:\GIT\Chilipepper_Labs\Labs\Lab_9\EDK\system.mhs line 278 - Copying cache
implementation netlist
IPNAME:axi_gpio INSTANCE:axi_gpio_switch -
C:\GIT\Chilipepper_Labs\Labs\Lab_9\EDK\system.mhs line 289 - Copying cache
implementation netlist
IPNAME:dac_driver_pcore INSTANCE:dac_driver -
C:\GIT\Chilipepper_Labs\Labs\Lab_9\EDK\system.mhs line 301 - Copying cache
implementation netlist
IPNAME:qpsk_tx_pcore INSTANCE:qpsk_tx -
C:\GIT\Chilipepper_Labs\Labs\Lab_9\EDK\system.mhs line 317 - Copying cache
implementation netlist
IPNAME:tx_fifo_pcore INSTANCE:tx_fifo -
C:\GIT\Chilipepper_Labs\Labs\Lab_9\EDK\system.mhs line 334 - Copying cache
implementation netlist
IPNAME:axi_gpio INSTANCE:axi_gpio_led -
C:\GIT\Chilipepper_Labs\Labs\Lab_9\EDK\system.mhs line 348 - Copying cache
implementation netlist
IPNAME:axi_gpio INSTANCE:axi_gpio_button -
C:\GIT\Chilipepper_Labs\Labs\Lab_9\EDK\system.mhs line 362 - Copying cache
implementation netlist
IPNAME:chipscope_ila INSTANCE:chipscope_ila_0 -
C:\GIT\Chilipepper_Labs\Labs\Lab_9\EDK\system.mhs line 375 - Copying cache
implementation netlist
IPNAME:chipscope_icon INSTANCE:chipscope_icon_0 -
C:\GIT\Chilipepper_Labs\Labs\Lab_9\EDK\system.mhs line 392 - Copying cache
implementation netlist

Elaborating instances ...
IPNAME:clock_generator INSTANCE:rx_clock_generator -
C:\GIT\Chilipepper_Labs\Labs\Lab_9\EDK\system.mhs line 240 - elaborating IP
ClkGen elaborate status: PASSED
WARNING:EDK - : Phase value 180.0000 is converted to 180.0

WARNING:EDK - : Phase value 180.0000 is converted to 180.0

WARNING:EDK - : Phase value 0.0 is converted to 0.0

WARNING:EDK - : Phase value 0.0 is converted to 0.0

WARNING:EDK - : Phase value 0.0 is converted to 0.0

WARNING:EDK - : Phase value 0.0 is converted to 0.0

----------------------------------------
----------------------------------------
IPNAME:clock_generator INSTANCE:tx_clock_generator -
C:\GIT\Chilipepper_Labs\Labs\Lab_9\EDK\system.mhs line 256 - elaborating IP
ClkGen elaborate status: PASSED
WARNING:EDK - : Phase value 0.0000 is converted to 0.0

WARNING:EDK - : Phase value 0.0000 is converted to 0.0

WARNING:EDK - : Phase value 180.0000 is converted to 180.0

WARNING:EDK - : Phase value 0.0 is converted to 0.0

WARNING:EDK - : Phase value 0.0 is converted to 0.0

WARNING:EDK - : Phase value 0.0 is converted to 0.0

----------------------------------------
----------------------------------------
IPNAME:chipscope_ila INSTANCE:chipscope_ila_0 -
C:\GIT\Chilipepper_Labs\Labs\Lab_9\EDK\system.mhs line 375 - elaborating IP
Created elaborate directory hdl/elaborate/chipscope_ila_0_v1_05_a/synhdl/vhdl/
INFO: Chipscope core parameters not changed. Not regenerating core
IPNAME:chipscope_icon INSTANCE:chipscope_icon_0 -
C:\GIT\Chilipepper_Labs\Labs\Lab_9\EDK\system.mhs line 392 - elaborating IP
Created elaborate directory hdl/elaborate/chipscope_icon_0_v1_06_a/synhdl/vhdl/
INFO: ChipScope core parameters not changed. Not regenerating core

Writing HDL for elaborated instances ...

Inserting wrapper level ...
Completion time: 0.00 seconds

Constructing platform-level connectivity ...
Completion time: 0.00 seconds

Writing (top-level) BMM ...

Writing (top-level and wrappers) HDL ...

Generating synthesis project file ...

Running XST synthesis ...

INFO:EDK:4211 - The following instances are synthesized with XST. The MPD option
   IMP_NETLIST=TRUE indicates that a NGC file is to be produced using XST
   synthesis. IMP_NETLIST=FALSE (default) instances are not synthesized. 
INSTANCE:rx_fifo - C:\GIT\Chilipepper_Labs\Labs\Lab_9\EDK\system.mhs line 150 -
Running XST synthesis
INSTANCE:adc_driver - C:\GIT\Chilipepper_Labs\Labs\Lab_9\EDK\system.mhs line 164
- Running XST synthesis
INSTANCE:mcu_driver - C:\GIT\Chilipepper_Labs\Labs\Lab_9\EDK\system.mhs line 180
- Running XST synthesis
INSTANCE:dc_offset - C:\GIT\Chilipepper_Labs\Labs\Lab_9\EDK\system.mhs line 198
- Running XST synthesis
INSTANCE:qpsk_rx - C:\GIT\Chilipepper_Labs\Labs\Lab_9\EDK\system.mhs line 223 -
Running XST synthesis
INSTANCE:rx_clock_generator - C:\GIT\Chilipepper_Labs\Labs\Lab_9\EDK\system.mhs
line 240 - Running XST synthesis
INSTANCE:tx_clock_generator - C:\GIT\Chilipepper_Labs\Labs\Lab_9\EDK\system.mhs
line 256 - Running XST synthesis
INSTANCE:dac_driver - C:\GIT\Chilipepper_Labs\Labs\Lab_9\EDK\system.mhs line 301
- Running XST synthesis
INSTANCE:qpsk_tx - C:\GIT\Chilipepper_Labs\Labs\Lab_9\EDK\system.mhs line 317 -
Running XST synthesis
INSTANCE:tx_fifo - C:\GIT\Chilipepper_Labs\Labs\Lab_9\EDK\system.mhs line 334 -
Running XST synthesis

Running NGCBUILD ...
IPNAME:system_rx_clock_generator_wrapper INSTANCE:rx_clock_generator -
C:\GIT\Chilipepper_Labs\Labs\Lab_9\EDK\system.mhs line 240 - Running NGCBUILD
IPNAME:system_tx_clock_generator_wrapper INSTANCE:tx_clock_generator -
C:\GIT\Chilipepper_Labs\Labs\Lab_9\EDK\system.mhs line 256 - Running NGCBUILD
INFO:EDK:3509 - NCF files should not be modified as they will be regenerated.
   If any constraint needs to be overridden, this should be done by modifying
   the data/system.ucf file.

Rebuilding cache ...

Total run time: 198.00 seconds
