WARNING:EDK:878 - Could not find IP doc
   http://www.xilinx.com/cgi-bin/docs/ipdoc?c=axi_interconnect;v=v1_06_a;d=ds768
   _axi_interconnect.pdf
WARNING:EDK:878 - Could not find IP doc
   http://www.xilinx.com/cgi-bin/docs/ipdoc?c=clock_generator;v=v4_03_a;d=clock_
   generator.pdf
WARNING:EDK:878 - Could not find IP doc
   http://www.xilinx.com/cgi-bin/docs/ipdoc?c=axi_gpio;v=v1_01_b;d=ds744_axi_gpi
   o.pdf
WARNING:EDK:878 - Could not find IP doc
   http://www.xilinx.com/cgi-bin/docs/ipdoc?c=axi_uartlite;v=v1_02_a;d=axi_uartl
   ite_ds741.pdf
Generated Block Diagram.
Rasterizing processing_system7_0.jpg.....
Rasterizing adc_driver_axiw_0.jpg.....
Rasterizing axi_interconnect_1.jpg.....
Rasterizing mcu_axiw_0.jpg.....
Rasterizing clock_generator_0.jpg.....
Rasterizing axi_gpio_led.jpg.....
Rasterizing axi_uartlite_0.jpg.....
Rasterizing system_blkd.jpg.....
Report generated.
Report generation completed.
